<?xml version="1.0" encoding="UTF-8"?>
<!-- Generated by org.testng.reporters.JUnitReportReporter -->
<testsuite hostname="HOME" name="assertTest.softAssertOne" tests="1" failures="0" timestamp="28 Nov 2016 15:19:02 GMT" time="20.566" errors="0">
  <testcase name="f" time="20.566" classname="assertTest.softAssertOne"/>
</testsuite> <!-- assertTest.softAssertOne -->
