<?xml version="1.0" encoding="UTF-8"?>
<!-- Generated by org.testng.reporters.JUnitReportReporter -->
<testsuite hostname="HOME" name="waitCommand.explWaitOne" tests="1" failures="0" timestamp="29 Nov 2016 04:05:08 GMT" time="8.438" errors="0">
  <testcase name="f" time="8.438" classname="waitCommand.explWaitOne"/>
</testsuite> <!-- waitCommand.explWaitOne -->
